Using pre-set license
Built from '2020.3/release' branch; Version is '2020.3.7f1 (dd97f2c94397) revision 14522354'; Using compiler version '192528614'; Build Type 'Release'
OS: 'Windows 10 Pro; OS build 19042.1052; Version 2009; 64bit' Language: 'en' Physical Memory: 16328 MB
BatchMode: 1, IsHumanControllingUs: 0, StartBugReporterOnCrash: 0, Is64bit: 1, IsPro: 0

 COMMAND LINE ARGUMENTS:
C:\Program Files\Unity\Hub\Editor\2020.3.7f1\Editor\Unity.exe
-adb2
-batchMode
-noUpm
-name
AssetImportWorker0
-projectPath
E:/soft/Unity/Car_stuff
-logFile
Logs/AssetImportWorker0.log
-srvPort
65191
Successfully changed project path to: E:/soft/Unity/Car_stuff
E:/soft/Unity/Car_stuff
Using Asset Import Pipeline V2.
Refreshing native plugins compatible for Editor in 40.56 ms, found 1 plugins.
Preloading 0 native plugins for Editor in 0.00 ms.
Initialize engine version: 2020.3.7f1 (dd97f2c94397)
[Subsystems] Discovering subsystems at path C:/Program Files/Unity/Hub/Editor/2020.3.7f1/Editor/Data/Resources/UnitySubsystems
[Subsystems] Discovering subsystems at path E:/soft/Unity/Car_stuff/Assets
GfxDevice: creating device client; threaded=0
Direct3D:
    Version:  Direct3D 11.0 [level 11.0]
    Renderer: NVIDIA GeForce GT 710 (ID=0x128b)
    Vendor:   
    VRAM:     2007 MB
    Driver:   27.21.14.5671
Initialize mono
Mono path[0] = 'C:/Program Files/Unity/Hub/Editor/2020.3.7f1/Editor/Data/Managed'
Mono path[1] = 'C:/Program Files/Unity/Hub/Editor/2020.3.7f1/Editor/Data/MonoBleedingEdge/lib/mono/unityjit'
Mono config path = 'C:/Program Files/Unity/Hub/Editor/2020.3.7f1/Editor/Data/MonoBleedingEdge/etc'
Using monoOptions --debugger-agent=transport=dt_socket,embedding=1,server=y,suspend=n,address=127.0.0.1:56628
Begin MonoManager ReloadAssembly
Registering precompiled unity dll's ...
Register platform support module: C:/Program Files/Unity/Hub/Editor/2020.3.7f1/Editor/Data/PlaybackEngines/WindowsStandaloneSupport/UnityEditor.WindowsStandalone.Extensions.dll
Registered in 0.011138 seconds.
Native extension for WindowsStandalone target not found
Refreshing native plugins compatible for Editor in 39.07 ms, found 1 plugins.
Preloading 0 native plugins for Editor in 0.00 ms.
Mono: successfully reloaded assembly
- Completed reload, in  1.878 seconds
Platform modules already initialized, skipping
Registering precompiled user dll's ...
Registered in 0.000920 seconds.
Begin MonoManager ReloadAssembly
Native extension for WindowsStandalone target not found
Refreshing native plugins compatible for Editor in 36.46 ms, found 1 plugins.
Preloading 0 native plugins for Editor in 0.00 ms.
Mono: successfully reloaded assembly
- Completed reload, in  1.083 seconds
Platform modules already initialized, skipping
========================================================================
Worker process is ready to serve import requests
Launched and connected shader compiler UnityShaderCompiler.exe after 0.05 seconds
Refreshing native plugins compatible for Editor in 0.33 ms, found 1 plugins.
Preloading 0 native plugins for Editor in 0.00 ms.
Unloading 1822 Unused Serialized files (Serialized files now loaded: 0)
System memory in use before: 85.2 MB.
System memory in use after: 85.2 MB.

Unloading 19 unused Assets to reduce memory usage. Loaded Objects now: 2270.
Total: 2.959100 ms (FindLiveObjects: 0.277500 ms CreateObjectMapping: 0.178600 ms MarkObjects: 2.433100 ms  DeleteObjects: 0.069000 ms)

========================================================================
Received Import Request.
  path: Assets/Scripts/Tile.cs
  artifactKey: Guid(14367147e5483284bbae7dccce6a6c65) Importer(815301076,1909f56bfc062723c751e8b465ee728b)
Start importing Assets/Scripts/Tile.cs using Guid(14367147e5483284bbae7dccce6a6c65) Importer(815301076,1909f56bfc062723c751e8b465ee728b)  -> (artifact id: 'ac749ba051442bcf39a7cfec74f59bfe') in 0.012606 seconds
  Import took 0.016019 seconds .

========================================================================
Received Import Request.
  Time since last request: 41.963504 seconds.
  path: Assets/Scripts/Car/Car.cs
  artifactKey: Guid(b20b43e0ff65ae9409d74cb9a5b1b56c) Importer(815301076,1909f56bfc062723c751e8b465ee728b)
Start importing Assets/Scripts/Car/Car.cs using Guid(b20b43e0ff65ae9409d74cb9a5b1b56c) Importer(815301076,1909f56bfc062723c751e8b465ee728b)  -> (artifact id: '1a4b6832cb2ee1639d7d19d18fcd476f') in 0.005894 seconds
  Import took 0.008646 seconds .

========================================================================
Received Import Request.
  Time since last request: 0.018853 seconds.
  path: Assets/Scripts/Car/Car.cs
  artifactKey: Guid(b20b43e0ff65ae9409d74cb9a5b1b56c) Importer(815301076,1909f56bfc062723c751e8b465ee728b)
Start importing Assets/Scripts/Car/Car.cs using Guid(b20b43e0ff65ae9409d74cb9a5b1b56c) Importer(815301076,1909f56bfc062723c751e8b465ee728b)  -> (artifact id: '1a4b6832cb2ee1639d7d19d18fcd476f') in 0.003528 seconds
  Import took 0.007858 seconds .

========================================================================
Received Import Request.
  Time since last request: 1509.187051 seconds.
  path: Assets/Scripts/Item_Interface/ItemAttack.cs
  artifactKey: Guid(60b02b4c1293b214a928535ec94f9226) Importer(815301076,1909f56bfc062723c751e8b465ee728b)
Start importing Assets/Scripts/Item_Interface/ItemAttack.cs using Guid(60b02b4c1293b214a928535ec94f9226) Importer(815301076,1909f56bfc062723c751e8b465ee728b)  -> (artifact id: '6a8d7201768bd190f22977ad7424c3ff') in 0.007185 seconds
  Import took 0.010583 seconds .

========================================================================
Received Import Request.
  Time since last request: 107.247233 seconds.
  path: Assets/Scripts/Slots.cs
  artifactKey: Guid(8aa8de6987e31d64ab69e3ce600d64ab) Importer(815301076,1909f56bfc062723c751e8b465ee728b)
Start importing Assets/Scripts/Slots.cs using Guid(8aa8de6987e31d64ab69e3ce600d64ab) Importer(815301076,1909f56bfc062723c751e8b465ee728b)  -> (artifact id: 'ee2976140f4d669ef7522c373529f77f') in 0.001823 seconds
  Import took 0.004685 seconds .

========================================================================
Received Import Request.
  Time since last request: 0.003721 seconds.
  path: Assets/Scripts/Slots.cs
  artifactKey: Guid(8aa8de6987e31d64ab69e3ce600d64ab) Importer(815301076,1909f56bfc062723c751e8b465ee728b)
Start importing Assets/Scripts/Slots.cs using Guid(8aa8de6987e31d64ab69e3ce600d64ab) Importer(815301076,1909f56bfc062723c751e8b465ee728b)  -> (artifact id: 'ee2976140f4d669ef7522c373529f77f') in 0.002472 seconds
  Import took 0.005524 seconds .

AssetImportWorkerClient::OnTransportError - code=2 error=End of file
